libraries loaded...
spaceloc2014 docnet2014 lPFS
docnet2014 lPFS [1, 2, 3, 4, 5, 6, 7, 8]
Searchlight setup ...
Loading data...
1
2.915771484375
2
3.573833465576172
3
4.202980041503906
4
4.831703186035156
5
5.460868835449219
6
6.089698791503906
7
6.718677520751953
8
7.3477020263671875
data loaded..
concatenating data..
22.57168197631836
data concatenated...
Seed data extracted...
22.57168197631836
Begin Searchlight None
Distribute 22.57168197631836
Broadcast 41.94021224975586
Run 41.94021224975586
End Searchlight
 48.77459852695465
