libraries loaded...
spaceloc1001 docnet2001 rPPC
docnet2001 rPPC [1, 2, 3, 4, 5, 6, 7, 8]
Searchlight setup ...
Loading data...
1
2.9156570434570312
2
3.5738754272460938
3
4.202995300292969
4
4.831760406494141
5
5.460872650146484
6
6.089817047119141
7
6.718544006347656
8
7.347709655761719
data loaded..
concatenating data..
22.57184600830078
data concatenated...
Seed data extracted...
22.57184600830078
Begin Searchlight None
Distribute 22.57184600830078
Broadcast 41.94023132324219
Run 41.94023132324219
End Searchlight
 51.09071556727091
