libraries loaded...
spaceloc1003 docnet2003 rLO
docnet2003 rLO [1, 2, 3, 4, 5, 6, 7, 8]
Searchlight setup ...
Loading data...
1
2.9175567626953125
2
3.5756378173828125
3
4.206047058105469
4
4.834999084472656
5
5.463935852050781
6
6.0928955078125
7
6.7218170166015625
8
7.35076904296875
data loaded..
concatenating data..
22.574745178222656
data concatenated...
Seed data extracted...
22.574745178222656
Begin Searchlight None
Distribute 22.574745178222656
Broadcast 41.94676208496094
Run 41.94676208496094
End Searchlight
 47.34906495412191
