libraries loaded...
spaceloc1007 docnet2007 lPPC
docnet2007 lPPC [1, 2, 3, 4, 5, 6, 7, 8]
Searchlight setup ...
Loading data...
1
2.9156227111816406
2
3.5739173889160156
3
4.202827453613281
4
4.831829071044922
5
5.460857391357422
6
6.089801788330078
7
6.718746185302734
8
7.3477020263671875
data loaded..
concatenating data..
22.57183074951172
data concatenated...
Seed data extracted...
22.57183074951172
Begin Searchlight None
Distribute 22.57183074951172
Broadcast 41.94036865234375
Run 41.94036865234375
End Searchlight
 48.6000409523646
