libraries loaded...
spaceloc1002 docnet2002 rPPC
docnet2002 rPPC [1, 2, 3, 4, 5, 6, 7, 8]
Searchlight setup ...
Loading data...
1
2.915599822998047
2
3.5739898681640625
3
4.202980041503906
4
4.831836700439453
5
5.460868835449219
6
6.089778900146484
7
6.718532562255859
8
7.3477020263671875
data loaded..
concatenating data..
22.57181167602539
data concatenated...
Seed data extracted...
22.57181167602539
Begin Searchlight None
Distribute 22.57181167602539
Broadcast 41.94021987915039
Run 41.94021987915039
End Searchlight
 48.782520377635954
