libraries loaded...
spaceloc1001 docnet2001 lLO
docnet2001 lLO [1, 2, 3, 4, 5, 6, 7, 8]
Searchlight setup ...
Loading data...
1
2.9157447814941406
2
3.573841094970703
3
4.2029876708984375
4
4.831928253173828
5
5.460868835449219
6
6.089813232421875
7
6.718753814697266
8
7.3477020263671875
data loaded..
concatenating data..
22.57183837890625
data concatenated...
Seed data extracted...
22.57183837890625
Begin Searchlight None
Distribute 22.57183837890625
Broadcast 41.940223693847656
Run 41.940223693847656
End Searchlight
 52.72224091688792
