libraries loaded...
spaceloc1001 docnet2001 lAPC
docnet2001 lAPC [1, 2, 3, 4, 5, 6, 7, 8]
Searchlight setup ...
Loading data...
1
2.9157028198242188
2
3.5994720458984375
3
4.255794525146484
4
4.911983489990234
5
5.568248748779297
6
6.224464416503906
7
6.8806915283203125
8
7.536937713623047
data loaded..
concatenating data..
22.788185119628906
data concatenated...
Seed data extracted...
22.788185119628906
Begin Searchlight None
Distribute 22.788185119628906
Broadcast 42.09476089477539
Run 42.09476089477539
End Searchlight
 45.044394512971245
