libraries loaded...
spaceloc2017 docnet2017 lPPC
docnet2017 lPPC [1, 2, 3, 4, 5, 6, 7, 8]
Searchlight setup ...
Loading data...
1
2.917522430419922
2
3.5771484375
3
4.20733642578125
4
4.837528228759766
5
5.467742919921875
6
6.097736358642578
7
6.7279815673828125
8
7.358131408691406
data loaded..
concatenating data..
22.583358764648438
data concatenated...
Seed data extracted...
22.583358764648438
Begin Searchlight None
Distribute 22.583358764648438
Broadcast 41.94205093383789
Run 41.94205093383789
End Searchlight
 49.683523333072664
