libraries loaded...
spaceloc1008 docnet2008 rPFS
docnet2008 rPFS [1, 2, 3, 4, 5, 6, 7, 8]
Searchlight setup ...
Loading data...
1
2.9157485961914062
2
3.57391357421875
3
4.2029876708984375
4
4.831790924072266
5
5.460868835449219
6
6.089672088623047
7
6.718631744384766
8
7.3477020263671875
data loaded..
concatenating data..
22.571685791015625
data concatenated...
Seed data extracted...
22.571685791015625
Begin Searchlight None
Distribute 22.571685791015625
Broadcast 41.940223693847656
Run 41.940223693847656
End Searchlight
 49.42558482487996
