libraries loaded...
spaceloc2018 docnet2018 rPFS
docnet2018 rPFS [1, 2, 3, 4, 5, 6, 7, 8]
Searchlight setup ...
Loading data...
1
2.915729522705078
2
3.5740280151367188
3
4.202983856201172
4
4.831920623779297
5
5.4608612060546875
6
6.089809417724609
7
6.718536376953125
8
7.347698211669922
data loaded..
concatenating data..
22.571617126464844
data concatenated...
Seed data extracted...
22.571617126464844
Begin Searchlight None
Distribute 22.571617126464844
Broadcast 41.94021987915039
Run 41.94021987915039
End Searchlight
 51.82099552154541
