libraries loaded...
spaceloc1012 docnet2012 rPPC
docnet2012 rPPC [1, 2, 3, 4, 5, 6, 7, 8]
Searchlight setup ...
Loading data...
1
2.9157066345214844
2
3.5739707946777344
3
4.202945709228516
4
4.831798553466797
5
5.460838317871094
6
6.089603424072266
7
6.718532562255859
8
7.3476715087890625
data loaded..
concatenating data..
22.571617126464844
data concatenated...
Seed data extracted...
22.571617126464844
Begin Searchlight None
Distribute 22.571617126464844
Broadcast 41.94492721557617
Run 41.94492721557617
End Searchlight
 48.86454469362895
