libraries loaded...
spaceloc2015 docnet2015 rPPC
docnet2015 rPPC [1, 2, 3, 4, 5, 6, 7, 8]
Searchlight setup ...
Loading data...
1
2.915699005126953
2
3.573841094970703
3
4.202995300292969
4
4.831916809082031
5
5.460884094238281
6
6.089817047119141
7
6.718677520751953
8
7.34771728515625
data loaded..
concatenating data..
22.571773529052734
data concatenated...
Seed data extracted...
22.571773529052734
Begin Searchlight None
Distribute 22.571773529052734
Broadcast 41.94023132324219
Run 41.94023132324219
End Searchlight
 49.73851358095805
