libraries loaded...
spaceloc1001 docnet2001 lPPC
docnet2001 lPPC [1, 2, 3, 4, 5, 6, 7, 8]
Searchlight setup ...
Loading data...
1
2.9156112670898438
2
3.5740585327148438
3
4.2028045654296875
4
4.831718444824219
5
5.460651397705078
6
6.089591979980469
7
6.718753814697266
8
7.347499847412109
data loaded..
concatenating data..
22.571842193603516
data concatenated...
Seed data extracted...
22.571842193603516
Begin Searchlight None
Distribute 22.571842193603516
Broadcast 41.940277099609375
Run 41.940277099609375
End Searchlight
 97.46540587345758
