libraries loaded...
spaceloc1002 docnet2002 rPFS
docnet2002 rPFS [1, 2, 3, 4, 5, 6, 7, 8]
Searchlight setup ...
Loading data...
1
2.9157257080078125
2
3.574005126953125
3
4.202972412109375
4
4.8318939208984375
5
5.4608612060546875
6
6.089809417724609
7
6.71875
8
7.347625732421875
data loaded..
concatenating data..
22.57168197631836
data concatenated...
Seed data extracted...
22.57168197631836
Begin Searchlight None
Distribute 22.57168197631836
Broadcast 41.94038009643555
Run 41.94038009643555
End Searchlight
 47.83863711754481
