libraries loaded...
spaceloc1002 docnet2002 rAPC
docnet2002 rAPC [1, 2, 3, 4, 5, 6, 7, 8]
Searchlight setup ...
Loading data...
1
2.9158058166503906
2
3.5740203857421875
3
4.2029876708984375
4
4.831905364990234
5
5.460868835449219
6
6.089813232421875
7
6.718647003173828
8
7.3477020263671875
data loaded..
concatenating data..
22.571704864501953
data concatenated...
Seed data extracted...
22.571704864501953
Begin Searchlight None
Distribute 22.571704864501953
Broadcast 41.94492721557617
Run 41.94492721557617
End Searchlight
 49.32889146010081
