libraries loaded...
spaceloc1001 docnet2001 rPFS
docnet2001 rPFS [1, 2, 3, 4, 5, 6, 7, 8]
Searchlight setup ...
Loading data...
1
2.9175949096679688
2
3.575653076171875
3
4.204811096191406
4
4.833770751953125
5
5.4626922607421875
6
6.091625213623047
7
6.720577239990234
8
7.349525451660156
data loaded..
concatenating data..
22.573558807373047
data concatenated...
Seed data extracted...
22.573558807373047
Begin Searchlight None
Distribute 22.573558807373047
Broadcast 41.942047119140625
Run 41.942047119140625
End Searchlight
 47.61436554590861
