libraries loaded...
spaceloc1008 docnet2008 rLO
docnet2008 rLO [1, 2, 3, 4, 5, 6, 7, 8]
Searchlight setup ...
Loading data...
1
2.9157981872558594
2
3.573883056640625
3
4.202976226806641
4
4.83172607421875
5
5.460865020751953
6
6.089809417724609
7
6.718723297119141
8
7.347698211669922
data loaded..
concatenating data..
22.57164764404297
data concatenated...
Seed data extracted...
22.57164764404297
Begin Searchlight None
Distribute 22.57164764404297
Broadcast 41.940223693847656
Run 41.940223693847656
End Searchlight
 47.766996093591054
