libraries loaded...
spaceloc1007 docnet2007 rAPC
docnet2007 rAPC [1, 2, 3, 4, 5, 6, 7, 8]
Searchlight setup ...
Loading data...
1
2.917510986328125
2
3.576904296875
3
4.2060546875
4
4.834995269775391
5
5.463947296142578
6
6.092704772949219
7
6.721710205078125
8
7.350776672363281
data loaded..
concatenating data..
22.57476043701172
data concatenated...
Seed data extracted...
22.57476043701172
Begin Searchlight None
Distribute 22.57476043701172
Broadcast 41.94675827026367
Run 41.94675827026367
End Searchlight
 47.52641739845276
