libraries loaded...
spaceloc1004 docnet2004 lPFS
docnet2004 lPFS [1, 2, 3, 4, 5, 6, 7, 8]
Searchlight setup ...
Loading data...
1
2.915630340576172
2
3.5739517211914062
3
4.202968597412109
4
4.831874847412109
5
5.460857391357422
6
6.089801788330078
7
6.718742370605469
8
7.347564697265625
data loaded..
concatenating data..
22.571796417236328
data concatenated...
Seed data extracted...
22.571796417236328
Begin Searchlight None
Distribute 22.571796417236328
Broadcast 41.94038009643555
Run 41.94038009643555
End Searchlight
 48.01795680920283
