libraries loaded...
spaceloc2013 docnet2013 rPFS
docnet2013 rPFS [1, 2, 3, 4, 5, 6, 7, 8]
Searchlight setup ...
Loading data...
1
2.91571044921875
2
3.573944091796875
3
4.202976226806641
4
4.8318328857421875
5
5.460868835449219
6
6.089813232421875
7
6.718723297119141
8
7.3477020263671875
data loaded..
concatenating data..
22.57160186767578
data concatenated...
Seed data extracted...
22.57160186767578
Begin Searchlight None
Distribute 22.57160186767578
Broadcast 41.94022750854492
Run 41.94022750854492
End Searchlight
 49.59433764219284
