libraries loaded...
spaceloc1002 docnet2002 lAPC
docnet2002 lAPC [1, 2, 3, 4, 5, 6, 7, 8]
Searchlight setup ...
Loading data...
1
2.915699005126953
2
3.5739898681640625
3
4.2029876708984375
4
4.831886291503906
5
5.460868835449219
6
6.089813232421875
7
6.718692779541016
8
7.3477020263671875
data loaded..
concatenating data..
22.571693420410156
data concatenated...
Seed data extracted...
22.571693420410156
Begin Searchlight None
Distribute 22.571693420410156
Broadcast 41.94022750854492
Run 41.94022750854492
End Searchlight
 49.714407138029735
