libraries loaded...
spaceloc1003 docnet2003 rPPC
docnet2003 rPPC [1, 2, 3, 4, 5, 6, 7, 8]
Searchlight setup ...
Loading data...
1
2.9156570434570312
2
3.57391357421875
3
4.202991485595703
4
4.831768035888672
5
5.460880279541016
6
6.089832305908203
7
6.718547821044922
8
7.347709655761719
data loaded..
concatenating data..
22.571609497070312
data concatenated...
Seed data extracted...
22.571609497070312
Begin Searchlight None
Distribute 22.571609497070312
Broadcast 41.94023132324219
Run 41.94023132324219
End Searchlight
 49.345872922738394
