libraries loaded...
spaceloc2013 docnet2013 lLO
docnet2013 lLO [1, 2, 3, 4, 5, 6, 7, 8]
Searchlight setup ...
Loading data...
1
2.915618896484375
2
3.5739784240722656
3
4.202976226806641
4
4.831825256347656
5
5.460865020751953
6
6.089809417724609
7
6.718753814697266
8
7.347599029541016
data loaded..
concatenating data..
22.571788787841797
data concatenated...
Seed data extracted...
22.571788787841797
Begin Searchlight None
Distribute 22.571788787841797
Broadcast 41.94038009643555
Run 41.94038009643555
End Searchlight
 47.697469023863476
