libraries loaded...
spaceloc2015 docnet2015 lPFS
docnet2015 lPFS [1, 2, 3, 4, 5, 6, 7, 8]
Searchlight setup ...
Loading data...
1
2.9157752990722656
2
3.5740318298339844
3
4.202983856201172
4
4.83184814453125
5
5.460872650146484
6
6.089687347412109
7
6.7185821533203125
8
7.347705841064453
data loaded..
concatenating data..
22.57160186767578
data concatenated...
Seed data extracted...
22.57160186767578
Begin Searchlight None
Distribute 22.57160186767578
Broadcast 41.94023132324219
Run 41.94023132324219
End Searchlight
 48.63069100379944
