libraries loaded...
spaceloc1001 docnet2001 rLO
docnet2001 rLO [1, 2, 3, 4, 5, 6, 7, 8]
Searchlight setup ...
Loading data...
1
2.9155845642089844
2
3.574047088623047
3
4.202827453613281
4
4.831687927246094
5
5.460857391357422
6
6.0897979736328125
7
6.718696594238281
8
7.347690582275391
data loaded..
concatenating data..
22.571617126464844
data concatenated...
Seed data extracted...
22.571617126464844
Begin Searchlight None
Distribute 22.571617126464844
Broadcast 41.940223693847656
Run 41.940223693847656
End Searchlight
 47.77114820480347
