libraries loaded...
spaceloc2018 docnet2018 lPFS
docnet2018 lPFS [1, 2, 3, 4, 5, 6, 7, 8]
Searchlight setup ...
Loading data...
1
2.915630340576172
2
3.5739898681640625
3
4.202983856201172
4
4.831901550292969
5
5.460868835449219
6
6.089809417724609
7
6.718650817871094
8
7.3477020263671875
data loaded..
concatenating data..
22.57183837890625
data concatenated...
Seed data extracted...
22.57183837890625
Begin Searchlight None
Distribute 22.57183837890625
Broadcast 41.94038009643555
Run 41.94038009643555
End Searchlight
 49.52514324982961
