libraries loaded...
spaceloc1002 docnet2002 lLO
docnet2002 lLO [1, 2, 3, 4, 5, 6, 7, 8]
Searchlight setup ...
Loading data...
1
2.9174270629882812
2
3.5758018493652344
3
4.204807281494141
4
4.833652496337891
5
5.462696075439453
6
6.091480255126953
7
6.720367431640625
8
7.349529266357422
data loaded..
concatenating data..
22.573638916015625
data concatenated...
Seed data extracted...
22.573638916015625
Begin Searchlight None
Distribute 22.573638916015625
Broadcast 41.941898345947266
Run 41.941898345947266
End Searchlight
 46.919219211737314
