libraries loaded...
spaceloc2015 docnet2015 lLO
docnet2015 lLO [1, 2, 3, 4, 5, 6, 7, 8]
Searchlight setup ...
Loading data...
1
2.9157791137695312
2
3.573963165283203
3
4.202972412109375
4
4.8319244384765625
5
5.4608612060546875
6
6.089805603027344
7
6.718528747558594
8
7.347694396972656
data loaded..
concatenating data..
22.571735382080078
data concatenated...
Seed data extracted...
22.571735382080078
Begin Searchlight None
Distribute 22.571735382080078
Broadcast 41.94037628173828
Run 41.94037628173828
End Searchlight
 47.78162328004837
