libraries loaded...
spaceloc1005 docnet2005 lPFS
docnet2005 lPFS [1, 2, 3, 4, 5, 6, 7, 8]
Searchlight setup ...
Loading data...
1
2.915729522705078
2
3.574016571044922
3
4.202980041503906
4
4.831809997558594
5
5.4608612060546875
6
6.089809417724609
7
6.71875
8
7.347629547119141
data loaded..
concatenating data..
22.571693420410156
data concatenated...
Seed data extracted...
22.571693420410156
Begin Searchlight None
Distribute 22.571693420410156
Broadcast 41.94037628173828
Run 41.94037628173828
End Searchlight
 48.48541730244954
