libraries loaded...
spaceloc2017 docnet2017 lAPC
docnet2017 lAPC [1, 2, 3, 4, 5, 6, 7, 8]
Searchlight setup ...
Loading data...
1
2.9155654907226562
2
3.5738372802734375
3
4.202983856201172
4
4.831939697265625
5
5.460868835449219
6
6.089817047119141
7
6.7186279296875
8
7.347705841064453
data loaded..
concatenating data..
22.571792602539062
data concatenated...
Seed data extracted...
22.571792602539062
Begin Searchlight None
Distribute 22.571792602539062
Broadcast 41.94023132324219
Run 41.94023132324219
End Searchlight
 48.46427423159282
