libraries loaded...
spaceloc1001 docnet2001 lPFS
docnet2001 lPFS [1, 2, 3, 4, 5, 6, 7, 8]
Searchlight setup ...
Loading data...
1
2.915630340576172
2
3.5750770568847656
3
4.204250335693359
4
4.833209991455078
5
5.462131500244141
6
6.091075897216797
7
6.72003173828125
8
7.348964691162109
data loaded..
concatenating data..
22.573104858398438
data concatenated...
Seed data extracted...
22.573104858398438
Begin Searchlight None
Distribute 22.573104858398438
Broadcast 41.940208435058594
Run 41.940208435058594
End Searchlight
 50.84134998718898
