libraries loaded...
spaceloc1002 docnet2002 lPPC
docnet2002 lPPC [1, 2, 3, 4, 5, 6, 7, 8]
Searchlight setup ...
Loading data...
1
2.9157943725585938
2
3.573974609375
3
4.202991485595703
4
4.831794738769531
5
5.4608612060546875
6
6.08966064453125
7
6.7186279296875
8
7.347694396972656
data loaded..
concatenating data..
22.57178497314453
data concatenated...
Seed data extracted...
22.57178497314453
Begin Searchlight None
Distribute 22.57178497314453
Broadcast 41.94020080566406
Run 41.94020080566406
End Searchlight
 48.78591286341349
