libraries loaded...
spaceloc1007 docnet2007 rPFS
docnet2007 rPFS [1, 2, 3, 4, 5, 6, 7, 8]
Searchlight setup ...
Loading data...
1
2.915618896484375
2
3.573822021484375
3
4.202800750732422
4
4.831932067871094
5
5.460865020751953
6
6.089801788330078
7
6.718662261962891
8
7.347698211669922
data loaded..
concatenating data..
22.571613311767578
data concatenated...
Seed data extracted...
22.571613311767578
Begin Searchlight None
Distribute 22.571613311767578
Broadcast 41.940223693847656
Run 41.940223693847656
End Searchlight
 49.652964464823405
