libraries loaded...
spaceloc1005 docnet2005 rPPC
docnet2005 rPPC [1, 2, 3, 4, 5, 6, 7, 8]
Searchlight setup ...
Loading data...
1
2.915699005126953
2
3.5740318298339844
3
4.2029876708984375
4
4.831874847412109
5
5.46087646484375
6
6.089622497558594
7
6.718601226806641
8
7.347709655761719
data loaded..
concatenating data..
22.57172393798828
data concatenated...
Seed data extracted...
22.57172393798828
Begin Searchlight None
Distribute 22.57172393798828
Broadcast 41.940216064453125
Run 41.940216064453125
End Searchlight
 52.0587676803271
