libraries loaded...
spaceloc2018 docnet2018 rPPC
docnet2018 rPPC [1, 2, 3, 4, 5, 6, 7, 8]
Searchlight setup ...
Loading data...
1
2.9174270629882812
2
3.5758323669433594
3
4.204799652099609
4
4.833709716796875
5
5.462688446044922
6
6.0914154052734375
7
6.720592498779297
8
7.349525451660156
data loaded..
concatenating data..
22.573543548583984
data concatenated...
Seed data extracted...
22.573543548583984
Begin Searchlight None
Distribute 22.573543548583984
Broadcast 41.94202423095703
Run 41.94202423095703
End Searchlight
 47.276010525226596
