libraries loaded...
spaceloc1004 docnet2004 rAPC
docnet2004 rAPC [1, 2, 3, 4, 5, 6, 7, 8]
Searchlight setup ...
Loading data...
1
2.9157791137695312
2
3.574005126953125
3
4.202991485595703
4
4.831871032714844
5
5.460872650146484
6
6.089813232421875
7
6.718536376953125
8
7.347705841064453
data loaded..
concatenating data..
22.571842193603516
data concatenated...
Seed data extracted...
22.571842193603516
Begin Searchlight None
Distribute 22.571842193603516
Broadcast 41.944923400878906
Run 41.944923400878906
End Searchlight
 49.39503946701686
