libraries loaded...
spaceloc2017 docnet2017 rPFS
docnet2017 rPFS [1, 2, 3, 4, 5, 6, 7, 8]
Searchlight setup ...
Loading data...
1
2.9156875610351562
2
3.5740394592285156
3
4.2029876708984375
4
4.831928253173828
5
5.460868835449219
6
6.089805603027344
7
6.7186279296875
8
7.3477020263671875
data loaded..
concatenating data..
22.571792602539062
data concatenated...
Seed data extracted...
22.571792602539062
Begin Searchlight None
Distribute 22.571792602539062
Broadcast 41.94021987915039
Run 41.94021987915039
End Searchlight
 49.49638348023097
